Looking for git in: git
Using git 2.17.1 from git
Opening repository for path='/usr/github/angular-movie-list-master' failed; ex=Failed to execute git {
  "exitCode": 128,
  "gitErrorCode": "NotAGitRepository",
  "gitCommand": "rev-parse",
  "stdout": "",
  "stderr": "fatal: not a git repository (or any of the parent directories): .git\n"
}
Opening repository for path='/usr/github/angular-movie-list-master/.editorconfig' failed; ex=Error: spawn ENOTDIR
Opening repository for path='/usr/github/angular-movie-list-master/.gitignore' failed; ex=Error: spawn ENOTDIR
Opening repository for path='/usr/github/angular-movie-list-master/LICENSE' failed; ex=Error: spawn ENOTDIR
Opening repository for path='/usr/github/angular-movie-list-master/README.md' failed; ex=Error: spawn ENOTDIR
Opening repository for path='/usr/github/angular-movie-list-master/angular.json' failed; ex=Error: spawn ENOTDIR
Opening repository for path='/usr/github/angular-movie-list-master/browserslist' failed; ex=Error: spawn ENOTDIR
Opening repository for path='/usr/github/angular-movie-list-master/e2e' failed; ex=Failed to execute git {
  "exitCode": 128,
  "gitErrorCode": "NotAGitRepository",
  "gitCommand": "rev-parse",
  "stdout": "",
  "stderr": "fatal: not a git repository (or any of the parent directories): .git\n"
}
Opening repository for path='/usr/github/angular-movie-list-master/karma.conf.js' failed; ex=Error: spawn ENOTDIR
Opening repository for path='/usr/github/angular-movie-list-master/package.json' failed; ex=Error: spawn ENOTDIR
Opening repository for path='/usr/github/angular-movie-list-master/src' failed; ex=Failed to execute git {
  "exitCode": 128,
  "gitErrorCode": "NotAGitRepository",
  "gitCommand": "rev-parse",
  "stdout": "",
  "stderr": "fatal: not a git repository (or any of the parent directories): .git\n"
}
Opening repository for path='/usr/github/angular-movie-list-master/tsconfig.app.json' failed; ex=Error: spawn ENOTDIR
Opening repository for path='/usr/github/angular-movie-list-master/tsconfig.json' failed; ex=Error: spawn ENOTDIR
Opening repository for path='/usr/github/angular-movie-list-master/tsconfig.spec.json' failed; ex=Error: spawn ENOTDIR
Opening repository for path='/usr/github/angular-movie-list-master/tslint.json' failed; ex=Error: spawn ENOTDIR
