[Error  - 14:32:59.220] Getting token failed: Error: Unknown or unsupported transport “disabled” for address “disabled:”
[Error  - 14:32:59.220] Getting token failed: Error: Unknown or unsupported transport “disabled” for address “disabled:”
[Info  - 14:33:26.641] Logging in...
[Error  - 14:33:32.848] Cancelled
[Info  - 14:33:37.707] Logging in...
[Error  - 14:33:41.178] Cancelled
[Info  - 14:33:43.221] Logging in...
[Info  - 14:33:52.734] Treating input as token
[Info  - 14:33:52.735] Getting user info...
[Info  - 14:33:53.571] Got account info!
[Error  - 14:33:54.187] Setting token failed: Error: Unknown or unsupported transport “disabled” for address “disabled:”
[Info  - 14:34:41.289] Logging in...
[Info  - 14:34:44.867] Treating input as token
[Info  - 14:34:44.868] Getting user info...
[Info  - 14:34:45.550] Got account info!
[Error  - 14:34:46.164] Setting token failed: Error: Unknown or unsupported transport “disabled” for address “disabled:”
[Info  - 14:34:46.168] Login success!
[Info  - 14:34:48.468] Login success!
[Info  - 14:35:06.430] Logging in...
[Info  - 14:35:09.685] Treating input as token
[Info  - 14:35:09.686] Getting user info...
[Info  - 14:35:10.254] Got account info!
[Error  - 14:35:10.873] Setting token failed: Error: Unknown or unsupported transport “disabled” for address “disabled:”
[Info  - 14:35:15.191] Login success!
